<?xml version="1.0" encoding="UTF-8"?>
<!-- Generated by org.testng.reporters.JUnitXMLReporter -->
<testsuite ignored="1" hostname="DESKTOP-RTFTH45" failures="0" tests="4" name="Regression" time="2.745" errors="0" timestamp="2024-06-01T16:40:58 BST">
  <testcase classname="UI_TestNG.HowToUseAssertion" name="titleTest" time="2.699"/>
  <testcase classname="UI_TestNG.HowToGroupTestCases" name="bTest3" time="0.001"/>
  <testcase classname="UI_TestNG.HowToGroupTestCases" name="aTest1" time="0.001"/>
  <testcase classname="UI_TestNG.HowToGroupTestCases" name="bTest2" time="0.001"/>
  <testcase classname="UI_TestNG.HowToGroupTestCases" name="bTest4" time="0.0">
    <ignored/>
  </testcase> <!-- bTest4 -->
</testsuite> <!-- Regression -->
