<?xml version="1.0" encoding="UTF-8"?>
<!-- Generated by org.testng.reporters.JUnitXMLReporter -->
<testsuite ignored="2" hostname="DESKTOP-RTFTH45" failures="0" tests="2" name="GRP-smoke" time="0.051" errors="0" timestamp="2024-05-31T17:26:57 BST">
  <testcase classname="UI_TestNG.HowToGroupTestCases" name="bTest3" time="0.009"/>
  <testcase classname="UI_TestNG.HowToGroupTestCases" name="bTest4" time="0.001"/>
  <testcase classname="UI_TestNG.HowToGroupTestCases" name="aTest1" time="0.0">
    <ignored/>
  </testcase> <!-- aTest1 -->
  <testcase classname="UI_TestNG.HowToGroupTestCases" name="bTest2" time="0.0">
    <ignored/>
  </testcase> <!-- bTest2 -->
</testsuite> <!-- GRP-smoke -->
