<?xml version="1.0" encoding="UTF-8"?>
<!-- Generated by org.testng.reporters.JUnitXMLReporter -->
<testsuite ignored="1" hostname="DESKTOP-RTFTH45" failures="0" tests="3" name="GRP-regression" time="0.046" errors="0" timestamp="2024-05-31T17:27:35 BST">
  <testcase classname="UI_TestNG.HowToGroupTestCases" name="bTest3" time="0.008"/>
  <testcase classname="UI_TestNG.HowToGroupTestCases" name="aTest1" time="0.001"/>
  <testcase classname="UI_TestNG.HowToGroupTestCases" name="bTest2" time="0.001"/>
  <testcase classname="UI_TestNG.HowToGroupTestCases" name="bTest4" time="0.0">
    <ignored/>
  </testcase> <!-- bTest4 -->
</testsuite> <!-- GRP-regression -->
