<?xml version="1.0" encoding="UTF-8"?>
<!-- Generated by org.testng.reporters.JUnitXMLReporter -->
<testsuite ignored="0" hostname="DESKTOP-RTFTH45" failures="0" tests="4" name="GRP-admin-registration" time="0.046" errors="0" timestamp="2024-05-31T17:34:59 BST">
  <testcase classname="UI_TestNG.HowToGroupTestCases" name="bTest3" time="0.007"/>
  <testcase classname="UI_TestNG.HowToGroupTestCases" name="bTest4" time="0.001"/>
  <testcase classname="UI_TestNG.HowToGroupTestCases" name="aTest1" time="0.001"/>
  <testcase classname="UI_TestNG.HowToGroupTestCases" name="bTest2" time="0.001"/>
</testsuite> <!-- GRP-admin-registration -->
