<?xml version="1.0" encoding="UTF-8"?>
<!-- Generated by org.testng.reporters.JUnitXMLReporter -->
<testsuite ignored="2" hostname="DESKTOP-RTFTH45" failures="0" tests="6" name="GRP-regression" time="3.382" errors="0" timestamp="2024-06-01T15:50:58 BST">
  <testcase classname="UI_TestNG.HowToGroupTestCases" name="bTest3" time="0.005"/>
  <testcase classname="UI_TestNG.HowToGroupTestCases" name="aTest1" time="0.002"/>
  <testcase classname="UI_TestNG.HowToGroupTestCases" name="bTest2" time="0.001"/>
  <testcase classname="UI_TestNG.TestNGAnnotations2" name="aTest3" time="0.001"/>
  <testcase classname="UI_TestNG.TestNGAnnotations2" name="bTest2" time="0.001"/>
  <testcase classname="UI_TestNG.HowToUseAssertion" name="titleTest" time="3.32"/>
  <testcase classname="UI_TestNG.TestNGAnnotations2" name="bTest4" time="0.0">
    <ignored/>
  </testcase> <!-- bTest4 -->
  <testcase classname="UI_TestNG.HowToGroupTestCases" name="bTest4" time="0.0">
    <ignored/>
  </testcase> <!-- bTest4 -->
</testsuite> <!-- GRP-regression -->
