<?xml version="1.0" encoding="UTF-8"?>
<!-- Generated by org.testng.reporters.JUnitXMLReporter -->
<testsuite ignored="0" hostname="DESKTOP-RTFTH45" failures="1" tests="10" name="Functional Testing" time="4.929" errors="0" timestamp="2024-06-01T13:46:50 BST">
  <testcase classname="UI_TestNG.LoginTestCase" name="bloginTest" time="0.001"/>
  <testcase classname="UI_TestNG.LoginTestCase" name="alogoutTest" time="0.001"/>
  <testcase classname="UI_TestNG.HowToUseAssertion" name="titleTest" time="2.554"/>
  <testcase classname="UI_TestNG.HowToGroupTestCases" name="bTest3" time="0.001"/>
  <testcase classname="UI_TestNG.HowToGroupTestCases" name="bTest4" time="0.001"/>
  <testcase classname="UI_TestNG.HowToGroupTestCases" name="aTest1" time="0.0"/>
  <testcase classname="UI_TestNG.HowToGroupTestCases" name="bTest2" time="0.001"/>
  <testcase classname="UI_TestNG.SoftAssertion" name="titleTest" time="2.348">
    <failure type="java.lang.AssertionError" message="The following asserts failed:
	Text verification failed expected [Electronics, Cars, ffffFashion, Collectibles &amp;amp; More | eBay] but found [Electronics, Cars, Fashion, Collectibles &amp;amp; More | eBay],
	Text verification failed expected [Searchhhn] but found [Search]">
      <![CDATA[java.lang.AssertionError: The following asserts failed:
Text verification failed expected [Electronics, Cars, ffffFashion, Collectibles & More | eBay] but found [Electronics, Cars, Fashion, Collectibles & More | eBay],
Text verification failed expected [Searchhhn] but found [Search]
at UI_TestNG.SoftAssertion.titleTest(SoftAssertion.java:37)
at java.base/java.util.ArrayList.forEach(ArrayList.java:1596)
... Removed 28 stack frames]]>
    </failure>
  </testcase> <!-- titleTest -->
  <testcase classname="UI_TestNG.TestNGAnnotations" name="bTest1" time="0.001"/>
  <testcase classname="UI_TestNG.TestNGAnnotations" name="aTest2" time="0.001"/>
</testsuite> <!-- Functional Testing -->
