<?xml version="1.0" encoding="UTF-8"?>
<!-- Generated by org.testng.reporters.JUnitXMLReporter -->
<testsuite ignored="0" hostname="DESKTOP-RTFTH45" failures="2" tests="4" name="Dependency test" time="2.328" errors="0" timestamp="2024-06-09T14:11:27 BST">
  <testcase classname="UI_TestNG.DependencyTest" name="userRegistration" time="2.128">
    <failure type="java.lang.AssertionError" message="expected [true] but found [false]">
      <![CDATA[java.lang.AssertionError: expected [true] but found [false]
at UI_TestNG.DependencyTest.userRegistration(DependencyTest.java:17)
at java.base/java.util.ArrayList.forEach(ArrayList.java:1596)
... Removed 29 stack frames]]>
    </failure>
  </testcase> <!-- userRegistration -->
  <testcase classname="UI_TestNG.DependencyTest" name="reporterTest3" time="0.001">
    <failure type="java.lang.AssertionError" message="expected [true] but found [false]">
      <![CDATA[java.lang.AssertionError: expected [true] but found [false]
at UI_TestNG.DependencyTest.reporterTest3(DependencyTest.java:29)
at java.base/java.util.ArrayList.forEach(ArrayList.java:1596)
... Removed 29 stack frames]]>
    </failure>
  </testcase> <!-- reporterTest3 -->
  <testcase classname="UI_TestNG.DependencyTest" name="userSearch" time="0.001"/>
  <testcase classname="UI_TestNG.DependencyTest" name="reporterTest4" time="0.0">
    <skipped/>
  </testcase> <!-- reporterTest4 -->
</testsuite> <!-- Dependency test -->
