<?xml version="1.0" encoding="UTF-8"?>
<!-- Generated by org.testng.reporters.JUnitXMLReporter -->
<testsuite ignored="0" hostname="DESKTOP-RTFTH45" failures="1" tests="1" name="Listener Testing xml" time="2.078" errors="0" timestamp="2024-06-09T10:29:05 BST">
  <testcase classname="UI_TestNG.ListenerDemoTest" name="launchApp" time="1.965">
    <failure type="java.lang.AssertionError" message="expected [true] but found [false]">
      <![CDATA[java.lang.AssertionError: expected [true] but found [false]
at UI_TestNG.ListenerDemoTest.launchApp(ListenerDemoTest.java:13)
at java.base/java.util.ArrayList.forEach(ArrayList.java:1596)
... Removed 29 stack frames]]>
    </failure>
  </testcase> <!-- launchApp -->
</testsuite> <!-- Listener Testing xml -->
