<?xml version="1.0" encoding="UTF-8"?>
<!-- Generated by org.testng.reporters.JUnitXMLReporter -->
<testsuite ignored="0" hostname="DESKTOP-RTFTH45" failures="1" tests="4" name="Reports Testing xml" time="1.864" errors="0" timestamp="2024-06-09T13:15:41 BST">
  <testcase classname="UI_TestNG.ReportGenerationTestNg" name="reporterTest1" time="1.69">
    <failure type="java.lang.AssertionError" message="expected [true] but found [false]">
      <![CDATA[java.lang.AssertionError: expected [true] but found [false]
at UI_TestNG.ReportGenerationTestNg.reporterTest1(ReportGenerationTestNg.java:17)
at java.base/java.util.ArrayList.forEach(ArrayList.java:1596)
... Removed 29 stack frames]]>
    </failure>
  </testcase> <!-- reporterTest1 -->
  <testcase classname="UI_TestNG.ReportGenerationTestNg" name="reporterTest2" time="0.002"/>
  <testcase classname="UI_TestNG.ReportGenerationTestNg" name="reporterTest3" time="0.002"/>
  <testcase classname="UI_TestNG.ReportGenerationTestNg" name="reporterTest4" time="0.001"/>
</testsuite> <!-- Reports Testing xml -->
